Traceback (most recent call last):
  File "/opt/venv/bin/accelerate", line 3, in <module>
    from accelerate.commands.accelerate_cli import main
  File "/opt/venv/lib/python3.12/site-packages/accelerate/commands/accelerate_cli.py", line 19, in <module>
    from accelerate.commands.estimate import estimate_command_parser
  File "/opt/venv/lib/python3.12/site-packages/accelerate/commands/estimate.py", line 34, in <module>
    from transformers import AutoConfig, AutoModel
  File "<frozen importlib._bootstrap>", line 1412, in _handle_fromlist
  File "/opt/venv/lib/python3.12/site-packages/transformers/utils/import_utils.py", line 2096, in __getattr__
    module = self._get_module(self._class_to_module[name])
             ^^^^^^^^^^^^^^^^^^^^^^^^^^^^^^^^^^^^^^^^^^^^^
  File "/opt/venv/lib/python3.12/site-packages/transformers/utils/import_utils.py", line 2288, in _get_module
    return importlib.import_module("." + module_name, self.__name__)
           ^^^^^^^^^^^^^^^^^^^^^^^^^^^^^^^^^^^^^^^^^^^^^^^^^^^^^^^^^
  File "/usr/lib/python3.12/importlib/__init__.py", line 90, in import_module
    return _bootstrap._gcd_import(name[level:], package, level)
           ^^^^^^^^^^^^^^^^^^^^^^^^^^^^^^^^^^^^^^^^^^^^^^^^^^^^
  File "/opt/venv/lib/python3.12/site-packages/transformers/models/auto/modeling_auto.py", line 21, in <module>
    from .auto_factory import (
  File "/opt/venv/lib/python3.12/site-packages/transformers/models/auto/auto_factory.py", line 43, in <module>
    from ...generation import GenerationMixin
  File "<frozen importlib._bootstrap>", line 1412, in _handle_fromlist
  File "/opt/venv/lib/python3.12/site-packages/transformers/utils/import_utils.py", line 2096, in __getattr__
    module = self._get_module(self._class_to_module[name])
             ^^^^^^^^^^^^^^^^^^^^^^^^^^^^^^^^^^^^^^^^^^^^^
  File "/opt/venv/lib/python3.12/site-packages/transformers/utils/import_utils.py", line 2288, in _get_module
    return importlib.import_module("." + module_name, self.__name__)
           ^^^^^^^^^^^^^^^^^^^^^^^^^^^^^^^^^^^^^^^^^^^^^^^^^^^^^^^^^
  File "/usr/lib/python3.12/importlib/__init__.py", line 90, in import_module
    return _bootstrap._gcd_import(name[level:], package, level)
           ^^^^^^^^^^^^^^^^^^^^^^^^^^^^^^^^^^^^^^^^^^^^^^^^^^^^
  File "/opt/venv/lib/python3.12/site-packages/transformers/generation/utils.py", line 44, in <module>
    from ..masking_utils import create_masks_for_generate
  File "/opt/venv/lib/python3.12/site-packages/transformers/masking_utils.py", line 40, in <module>
    from torch._dynamo._trace_wrapped_higher_order_op import TransformGetItemToIndex
  File "/opt/venv/lib/python3.12/site-packages/torch/_dynamo/__init__.py", line 13, in <module>
    from . import (
  File "/opt/venv/lib/python3.12/site-packages/torch/_dynamo/aot_compile.py", line 14, in <module>
    from torch._dynamo.convert_frame import GraphRuntimeEnv
  File "/opt/venv/lib/python3.12/site-packages/torch/_dynamo/convert_frame.py", line 60, in <module>
    from torch._dynamo.symbolic_convert import TensorifyState
  File "/opt/venv/lib/python3.12/site-packages/torch/_dynamo/symbolic_convert.py", line 59, in <module>
    from . import (
  File "/opt/venv/lib/python3.12/site-packages/torch/_dynamo/trace_rules.py", line 59, in <module>
    from .variables import (
  File "/opt/venv/lib/python3.12/site-packages/torch/_dynamo/variables/__init__.py", line 19, in <module>
    from .base import VariableTracker
  File "/opt/venv/lib/python3.12/site-packages/torch/_dynamo/variables/base.py", line 824, in <module>
    from . import builder
  File "/opt/venv/lib/python3.12/site-packages/torch/_dynamo/variables/builder.py", line 100, in <module>
    from ..side_effects import SideEffects
  File "/opt/venv/lib/python3.12/site-packages/torch/_dynamo/side_effects.py", line 43, in <module>
    from .codegen import PyCodegen
  File "/opt/venv/lib/python3.12/site-packages/torch/_dynamo/codegen.py", line 56, in <module>
    from .variables.torch_function import TensorWithTFOverrideVariable
  File "<frozen importlib._bootstrap>", line 1360, in _find_and_load
  File "<frozen importlib._bootstrap>", line 1322, in _find_and_load_unlocked
  File "<frozen importlib._bootstrap>", line 1262, in _find_spec
  File "<frozen importlib._bootstrap_external>", line 1528, in find_spec
  File "<frozen importlib._bootstrap_external>", line 1502, in _get_spec
  File "<frozen importlib._bootstrap_external>", line 1635, in find_spec
  File "<frozen importlib._bootstrap_external>", line 1590, in _get_spec
  File "<frozen importlib._bootstrap_external>", line 838, in spec_from_file_location
  File "<frozen importlib._bootstrap>", line 599, in __init__
KeyboardInterrupt
